Listening for transport dt_socket at address: 5005
2024-11-25T19:35:18.667Z <> {thread=main} INFO: [org.lmcdasi.demo.srtp.Application] Starting Application v0.0.1-SNAPSHOT using Java 21.0.5 with PID 5065 (/mnt/f/Development/github/java-libsrtp-example/target/demo-0.0.1-SNAPSHOT.jar started by root in /mnt/f/Development/github/java-libsrtp-example) 
2024-11-25T19:35:18.673Z <> {thread=main} INFO: [org.lmcdasi.demo.srtp.Application] The following 1 profile is active: "production" 
2024-11-25T19:35:20.124Z <> {thread=main} INFO: [o.s.b.w.e.tomcat.TomcatWebServer] Tomcat initialized with port 8080 (http) 
2024-11-25T19:35:20.141Z <> {thread=main} INFO: [o.a.coyote.http11.Http11NioProtocol] Initializing ProtocolHandler ["http-nio-8080"] 
2024-11-25T19:35:20.144Z <> {thread=main} INFO: [o.a.catalina.core.StandardService] Starting service [Tomcat] 
2024-11-25T19:35:20.145Z <> {thread=main} INFO: [o.a.catalina.core.StandardEngine] Starting Servlet engine: [Apache Tomcat/10.1.33] 
2024-11-25T19:35:20.205Z <> {thread=main} INFO: [o.a.c.c.C.[Tomcat].[localhost].[/]] Initializing Spring embedded WebApplicationContext 
2024-11-25T19:35:20.206Z <> {thread=main} INFO: [o.s.b.w.s.c.ServletWebServerApplicationContext] Root WebApplicationContext: initialization completed in 1451 ms 
2024-11-25T19:35:20.296Z <> {thread=main} INFO: [o.l.demo.srtp.ApplicationProperties] Current ApplicationProperties loaded are ApplicationProperties(debugSrtp=false, filePath=/mnt/c/tmp/, ipAddress=172.24.17.69, rtpSelectorTimeoutMs=PT0.02S, useBuiltinNative=false, useJna=false, useJni=true) 
====== JNI srtp_init called ======
2024-11-25T19:35:20.346Z <> {thread=main} INFO: [o.l.d.srtp.jni.srtp.SrtpComponent] srtp_init status SRTP_ERR_STATUS_OK. 
2024-11-25T19:35:20.812Z <> {thread=main} INFO: [o.a.coyote.http11.Http11NioProtocol] Starting ProtocolHandler ["http-nio-8080"] 
2024-11-25T19:35:20.834Z <> {thread=main} INFO: [o.s.b.w.e.tomcat.TomcatWebServer] Tomcat started on port 8080 (http) with context path '/' 
2024-11-25T19:35:20.853Z <> {thread=main} INFO: [org.lmcdasi.demo.srtp.Application] Started Application in 3.174 seconds (process running for 3.841) 
2024-11-25T19:35:34.511Z <> {thread=http-nio-8080-exec-1} INFO: [o.a.c.c.C.[Tomcat].[localhost].[/]] Initializing Spring DispatcherServlet 'dispatcherServlet' 
2024-11-25T19:35:34.512Z <> {thread=http-nio-8080-exec-1} INFO: [o.s.web.servlet.DispatcherServlet] Initializing Servlet 'dispatcherServlet' 
2024-11-25T19:35:34.513Z <> {thread=http-nio-8080-exec-1} INFO: [o.s.web.servlet.DispatcherServlet] Completed initialization in 1 ms 
2024-11-25T19:35:34.595Z <> {thread=http-nio-8080-exec-1} INFO: [o.l.demo.srtp.rest.RtpController] Got StartRecording with udpPort 16384 and cipher AES_CM_128_HMAC_SHA1_80 inline:9cff72ce50f4c75e8c9ebfa7201c08d009f08490|2^31 
2024-11-25T19:35:34.610Z <> {thread=http-nio-8080-exec-1} ERROR: [o.a.c.c.C.[.[.[.[dispatcherServlet]] Servlet.service() for servlet [dispatcherServlet] in context with path [] threw exception [Request processing failed: java.lang.RuntimeException: java.net.BindException: Cannot assign requested address] with root cause 
java.net.BindException: Cannot assign requested address
	at java.base/sun.nio.ch.Net.bind0(Native Method)
	at java.base/sun.nio.ch.Net.bind(Net.java:565)
	at java.base/sun.nio.ch.DatagramChannelImpl.bindInternal(DatagramChannelImpl.java:1329)
	at java.base/sun.nio.ch.DatagramChannelImpl.bind(DatagramChannelImpl.java:1299)
	at java.base/sun.nio.ch.DatagramSocketAdaptor.bind(DatagramSocketAdaptor.java:108)
	at org.lmcdasi.demo.srtp.rtp.RtpChannel.<init>(RtpChannel.java:28)
	at org.lmcdasi.demo.srtp.rtp.RtpConsumerService$RtpConsumerTask.<init>(RtpConsumerService.java:54)
	at org.lmcdasi.demo.srtp.rtp.RtpConsumerService.createRtpConsumerTask(RtpConsumerService.java:85)
	at org.lmcdasi.demo.srtp.rest.RtpController.startRecording(RtpController.java:32)
	at java.base/jdk.internal.reflect.DirectMethodHandleAccessor.invoke(DirectMethodHandleAccessor.java:103)
	at java.base/java.lang.reflect.Method.invoke(Method.java:580)
	at org.springframework.web.method.support.InvocableHandlerMethod.doInvoke(InvocableHandlerMethod.java:255)
	at org.springframework.web.method.support.InvocableHandlerMethod.invokeForRequest(InvocableHandlerMethod.java:188)
	at org.springframework.web.servlet.mvc.method.annotation.ServletInvocableHandlerMethod.invokeAndHandle(ServletInvocableHandlerMethod.java:118)
	at org.springframework.web.servlet.mvc.method.annotation.RequestMappingHandlerAdapter.invokeHandlerMethod(RequestMappingHandlerAdapter.java:986)
	at org.springframework.web.servlet.mvc.method.annotation.RequestMappingHandlerAdapter.handleInternal(RequestMappingHandlerAdapter.java:891)
	at org.springframework.web.servlet.mvc.method.AbstractHandlerMethodAdapter.handle(AbstractHandlerMethodAdapter.java:87)
	at org.springframework.web.servlet.DispatcherServlet.doDispatch(DispatcherServlet.java:1088)
	at org.springframework.web.servlet.DispatcherServlet.doService(DispatcherServlet.java:978)
	at org.springframework.web.servlet.FrameworkServlet.processRequest(FrameworkServlet.java:1014)
	at org.springframework.web.servlet.FrameworkServlet.doGet(FrameworkServlet.java:903)
	at jakarta.servlet.http.HttpServlet.service(HttpServlet.java:564)
	at org.springframework.web.servlet.FrameworkServlet.service(FrameworkServlet.java:885)
	at jakarta.servlet.http.HttpServlet.service(HttpServlet.java:658)
	at org.apache.catalina.core.ApplicationFilterChain.internalDoFilter(ApplicationFilterChain.java:195)
	at org.apache.catalina.core.ApplicationFilterChain.doFilter(ApplicationFilterChain.java:140)
	at org.apache.tomcat.websocket.server.WsFilter.doFilter(WsFilter.java:51)
	at org.apache.catalina.core.ApplicationFilterChain.internalDoFilter(ApplicationFilterChain.java:164)
	at org.apache.catalina.core.ApplicationFilterChain.doFilter(ApplicationFilterChain.java:140)
	at org.springframework.web.filter.RequestContextFilter.doFilterInternal(RequestContextFilter.java:100)
	at org.springframework.web.filter.OncePerRequestFilter.doFilter(OncePerRequestFilter.java:116)
	at org.apache.catalina.core.ApplicationFilterChain.internalDoFilter(ApplicationFilterChain.java:164)
	at org.apache.catalina.core.ApplicationFilterChain.doFilter(ApplicationFilterChain.java:140)
	at org.springframework.web.filter.FormContentFilter.doFilterInternal(FormContentFilter.java:93)
	at org.springframework.web.filter.OncePerRequestFilter.doFilter(OncePerRequestFilter.java:116)
	at org.apache.catalina.core.ApplicationFilterChain.internalDoFilter(ApplicationFilterChain.java:164)
	at org.apache.catalina.core.ApplicationFilterChain.doFilter(ApplicationFilterChain.java:140)
	at org.springframework.web.filter.CharacterEncodingFilter.doFilterInternal(CharacterEncodingFilter.java:201)
	at org.springframework.web.filter.OncePerRequestFilter.doFilter(OncePerRequestFilter.java:116)
	at org.apache.catalina.core.ApplicationFilterChain.internalDoFilter(ApplicationFilterChain.java:164)
	at org.apache.catalina.core.ApplicationFilterChain.doFilter(ApplicationFilterChain.java:140)
	at org.apache.catalina.core.StandardWrapperValve.invoke(StandardWrapperValve.java:167)
	at org.apache.catalina.core.StandardContextValve.invoke(StandardContextValve.java:90)
	at org.apache.catalina.authenticator.AuthenticatorBase.invoke(AuthenticatorBase.java:483)
	at org.apache.catalina.core.StandardHostValve.invoke(StandardHostValve.java:115)
	at org.apache.catalina.valves.ErrorReportValve.invoke(ErrorReportValve.java:93)
	at org.apache.catalina.core.StandardEngineValve.invoke(StandardEngineValve.java:74)
	at org.apache.catalina.connector.CoyoteAdapter.service(CoyoteAdapter.java:344)
	at org.apache.coyote.http11.Http11Processor.service(Http11Processor.java:397)
	at org.apache.coyote.AbstractProcessorLight.process(AbstractProcessorLight.java:63)
	at org.apache.coyote.AbstractProtocol$ConnectionHandler.process(AbstractProtocol.java:905)
	at org.apache.tomcat.util.net.NioEndpoint$SocketProcessor.doRun(NioEndpoint.java:1741)
	at org.apache.tomcat.util.net.SocketProcessorBase.run(SocketProcessorBase.java:52)
	at org.apache.tomcat.util.threads.ThreadPoolExecutor.runWorker(ThreadPoolExecutor.java:1190)
	at org.apache.tomcat.util.threads.ThreadPoolExecutor$Worker.run(ThreadPoolExecutor.java:659)
	at org.apache.tomcat.util.threads.TaskThread$WrappingRunnable.run(TaskThread.java:63)
	at java.base/java.lang.Thread.run(Thread.java:1583)
